=== Extracting tar mseed from: /home/lili/data/newbreq_fast/mseed to /home/lili/data/newbreq_fast/surfpy_out
--- Date: 2004-01-01
+++ 2/0 groups of traces extracted!
--- Date: 2004-01-02
+++ 2/0 groups of traces extracted!
--- Date: 2004-01-03
+++ 2/0 groups of traces extracted!
--- Date: 2004-01-04
+++ 2/0 groups of traces extracted!
--- Date: 2004-01-05
+++ 2/0 groups of traces extracted!
--- Date: 2004-01-06
+++ 2/0 groups of traces extracted!
--- Date: 2004-01-07
+++ 2/0 groups of traces extracted!
--- Date: 2004-01-08
+++ 2/0 groups of traces extracted!
--- Date: 2004-01-09
+++ 2/0 groups of traces extracted!
--- Date: 2004-01-10
+++ 2/0 groups of traces extracted!
--- Date: 2004-01-11
+++ 2/0 groups of traces extracted!
--- Date: 2004-01-12
+++ 2/0 groups of traces extracted!
--- Date: 2004-01-13
+++ 2/0 groups of traces extracted!
--- Date: 2004-01-14
+++ 2/0 groups of traces extracted!
--- Date: 2004-01-15
+++ 2/0 groups of traces extracted!
--- Date: 2004-01-16
+++ 2/0 groups of traces extracted!
--- Date: 2004-01-17
+++ 2/0 groups of traces extracted!
--- Date: 2004-01-18
+++ 2/0 groups of traces extracted!
--- Date: 2004-01-19
+++ 2/0 groups of traces extracted!
--- Date: 2004-01-20
+++ 2/0 groups of traces extracted!
--- Date: 2004-01-21
+++ 2/0 groups of traces extracted!
--- Date: 2004-01-22
+++ 2/0 groups of traces extracted!
--- Date: 2004-01-23
+++ 2/0 groups of traces extracted!
--- Date: 2004-01-24
+++ 2/0 groups of traces extracted!
--- Date: 2004-01-25
+++ 2/0 groups of traces extracted!
--- Date: 2004-01-26
+++ 2/0 groups of traces extracted!
--- Date: 2004-01-27
+++ 2/0 groups of traces extracted!
--- Date: 2004-01-28
+++ 2/0 groups of traces extracted!
--- Date: 2004-01-29
+++ 2/0 groups of traces extracted!
--- Date: 2004-01-30
+++ 2/0 groups of traces extracted!
--- Date: 2004-01-31
+++ 2/0 groups of traces extracted!
--- Date: 2004-02-01
+++ 2/0 groups of traces extracted!
--- Date: 2004-02-02
+++ 2/0 groups of traces extracted!
--- Date: 2004-02-03
+++ 2/0 groups of traces extracted!
--- Date: 2004-02-04
+++ 2/0 groups of traces extracted!
--- Date: 2004-02-05
+++ 2/0 groups of traces extracted!
--- Date: 2004-02-06
+++ 2/0 groups of traces extracted!
--- Date: 2004-02-07
+++ 2/0 groups of traces extracted!
--- Date: 2004-02-08
+++ 2/0 groups of traces extracted!
--- Date: 2004-02-09
+++ 2/0 groups of traces extracted!
--- Date: 2004-02-10
+++ 2/0 groups of traces extracted!
--- Date: 2004-02-11
+++ 2/0 groups of traces extracted!
--- Date: 2004-02-12
+++ 2/0 groups of traces extracted!
--- Date: 2004-02-13
+++ 2/0 groups of traces extracted!
--- Date: 2004-02-14
+++ 2/0 groups of traces extracted!
--- Date: 2004-02-15
+++ 2/0 groups of traces extracted!
--- Date: 2004-02-16
+++ 2/0 groups of traces extracted!
--- Date: 2004-02-17
+++ 2/0 groups of traces extracted!
--- Date: 2004-02-18
+++ 2/0 groups of traces extracted!
--- Date: 2004-02-19
!!! GAP Z  STATION: IU.HRV
!!! GAP EN STATION: IU.HRV
+++ 2/0 groups of traces extracted!
--- Date: 2004-02-20
+++ 1/0 groups of traces extracted!
--- Date: 2004-02-21
+++ 1/0 groups of traces extracted!
--- Date: 2004-02-22
+++ 1/0 groups of traces extracted!
--- Date: 2004-02-23
+++ 2/0 groups of traces extracted!
--- Date: 2004-02-24
+++ 2/0 groups of traces extracted!
--- Date: 2004-02-25
+++ 2/0 groups of traces extracted!
--- Date: 2004-02-26
+++ 2/0 groups of traces extracted!
--- Date: 2004-02-27
+++ 2/0 groups of traces extracted!
--- Date: 2004-02-28
+++ 2/0 groups of traces extracted!
=== Extracted 59/59 days of data
