188 52 530.706
189 52 526.207
190 52 521.708
191 52 517.218
192 52 512.757
193 52 508.355
194 52 504.049
195 52 499.881
196 52 495.902
197 52 492.164
198 52 488.722
199 52 485.628
200 52 482.93
201 52 480.663
202 52 478.853
203 52 477.517
204 52 476.672
205 52 476.339
206 52 476.547
207 52 477.327
208 52 478.708
209 52 480.713
210 52 483.354
211 52 486.631
212 52 490.53
213 52 495.028
214 52 500.095
215 52 505.694
216 52 511.784
217 52 518.323
218 52 525.267
219 52 532.573
220 52 540.2
221 52 548.109
222 52 556.262
223 52 564.628
224 52 573.179
225 52 581.895
226 52 590.759
227 52 599.761
228 52 608.892
229 52 618.144
230 52 627.501
231 52 636.945
232 52 646.454
233 52 656.009
234 52 665.594
235 52 675.195
236 52 684.806
237 52 694.42
238 52 704.036
188 52.5 520.014
189 52.5 514.939
190 52.5 509.864
191 52.5 504.805
192 52.5 499.786
193 52.5 494.841
194 52.5 490.014
195 52.5 485.351
196 52.5 480.905
197 52.5 476.731
198 52.5 472.888
199 52.5 469.439
200 52.5 466.436
201 52.5 463.917
202 52.5 461.896
203 52.5 460.376
204 52.5 459.367
205 52.5 458.894
206 52.5 459
207 52.5 459.735
208 52.5 461.143
209 52.5 463.252
210 52.5 466.067
211 52.5 469.575
212 52.5 473.747
213 52.5 478.545
214 52.5 483.923
215 52.5 489.832
216 52.5 496.225
217 52.5 503.055
218 52.5 510.276
219 52.5 517.845
220 52.5 525.72
221 52.5 533.865
222 52.5 542.242
223 52.5 550.821
224 52.5 559.575
225 52.5 568.485
226 52.5 577.542
227 52.5 586.743
228 52.5 596.09
229 52.5 605.58
230 52.5 615.197
231 52.5 624.91
232 52.5 634.688
233 52.5 644.5
234 52.5 654.326
235 52.5 664.156
236 52.5 673.984
237 52.5 683.808
238 52.5 693.631
188 53 509.315
189 53 503.66
190 53 498.008
191 53 492.375
192 53 486.793
193 53 481.303
194 53 475.951
195 53 470.791
196 53 465.876
197 53 461.262
198 53 457.014
199 53 453.203
200 53 449.897
201 53 447.134
202 53 444.913
203 53 443.214
204 53 442.036
205 53 441.409
206 53 441.397
207 53 442.077
208 53 443.51
209 53 445.727
210 53 448.728
211 53 452.483
212 53 456.944
213 53 462.054
214 53 467.752
215 53 473.979
216 53 480.679
217 53 487.802
218 53 495.299
219 53 503.129
220 53 511.252
221 53 519.63
222 53 528.23
223 53 537.02
224 53 545.975
225 53 555.076
226 53 564.319
227 53 573.709
228 53 583.266
229 53 592.998
230 53 602.883
231 53 612.877
232 53 622.929
233 53 633.001
234 53 643.069
235 53 653.124
236 53 663.165
237 53 673.196
238 53 683.223
188 53.5 498.584
189 53.5 492.348
190 53.5 486.114
191 53.5 479.902
192 53.5 473.75
193 53.5 467.706
194 53.5 461.826
195 53.5 456.167
196 53.5 450.783
197 53.5 445.727
198 53.5 441.064
199 53.5 436.882
200 53.5 433.272
201 53.5 430.283
202 53.5 427.882
203 53.5 426.014
204 53.5 424.656
205 53.5 423.846
206 53.5 423.684
207 53.5 424.288
208 53.5 425.744
209 53.5 428.087
210 53.5 431.301
211 53.5 435.333
212 53.5 440.112
213 53.5 445.558
214 53.5 451.594
215 53.5 458.149
216 53.5 465.161
217 53.5 472.577
218 53.5 480.349
219 53.5 488.437
220 53.5 496.802
221 53.5 505.411
222 53.5 514.231
223 53.5 523.229
224 53.5 532.38
225 53.5 541.665
226 53.5 551.08
227 53.5 560.643
228 53.5 570.396
229 53.5 580.375
230 53.5 590.55
231 53.5 600.845
232 53.5 611.186
233 53.5 621.521
234 53.5 631.827
235 53.5 642.101
236 53.5 652.349
237 53.5 662.58
238 53.5 672.804
188 54 487.783
189 54 480.965
190 54 474.146
191 54 467.347
192 54 460.614
193 54 454.008
194 54 447.595
195 54 441.438
196 54 435.592
197 54 430.1
198 54 425.013
199 54 420.447
200 54 416.528
201 54 413.344
202 54 410.796
203 54 408.768
204 54 407.207
205 54 406.161
206 54 405.796
207 54 406.297
208 54 407.784
209 54 410.286
210 54 413.759
211 54 418.117
212 54 423.256
213 54 429.07
214 54 435.466
215 54 442.361
216 54 449.69
217 54 457.397
218 54 465.437
219 54 473.775
220 54 482.375
221 54 491.208
222 54 500.24
223 54 509.442
224 54 518.785
225 54 528.247
226 54 537.818
227 54 547.524
228 54 557.446
229 54 567.687
230 54 578.189
231 54 588.819
232 54 599.464
233 54 610.063
234 54 620.6
235 54 631.081
236 54 641.524
237 54 651.947
238 54 662.361
188 54.5 476.855
189 54.5 469.46
190 54.5 462.056
191 54.5 454.663
192 54.5 447.337
193 54.5 440.157
194 54.5 433.205
195 54.5 426.554
196 54.5 420.26
197 54.5 414.354
198 54.5 408.845
199 54.5 403.885
200 54.5 399.645
201 54.5 396.318
202 54.5 393.655
203 54.5 391.47
204 54.5 389.668
205 54.5 388.297
206 54.5 387.649
207 54.5 388.022
208 54.5 389.568
209 54.5 392.291
210 54.5 396.096
211 54.5 400.846
212 54.5 406.398
213 54.5 412.618
214 54.5 419.396
215 54.5 426.642
216 54.5 434.286
217 54.5 442.276
218 54.5 450.573
219 54.5 459.147
220 54.5 467.969
221 54.5 477.012
222 54.5 486.248
223 54.5 495.647
224 54.5 505.177
225 54.5 514.811
226 54.5 524.526
227 54.5 534.337
228 54.5 544.368
229 54.5 554.903
230 54.5 565.799
231 54.5 576.809
232 54.5 587.772
233 54.5 598.627
234 54.5 609.378
235 54.5 620.05
236 54.5 630.676
237 54.5 641.28
238 54.5 651.877
188 55 465.725
189 55 457.768
190 55 449.788
191 55 441.793
192 55 433.861
193 55 426.095
194 55 418.596
195 55 411.451
196 55 404.724
197 55 398.45
198 55 392.55
199 55 387.237
200 55 382.665
201 55 379.249
202 55 376.468
203 55 374.1
204 55 372
205 55 370.158
206 55 369.124
207 55 369.362
208 55 371.04
209 55 374.09
210 55 378.332
211 55 383.559
212 55 389.583
213 55 396.246
214 55 403.425
215 55 411.023
216 55 418.974
217 55 427.231
218 55 435.764
219 55 444.553
220 55 453.576
221 55 462.813
222 55 472.236
223 55 481.816
224 55 491.525
225 55 501.331
226 55 511.195
227 55 521.081
228 55 531.092
229 55 541.998
230 55 553.398
231 55 564.839
232 55 576.116
233 55 587.201
234 55 598.138
235 55 608.982
236 55 619.778
237 55 630.557
238 55 641.333
188 55.5 454.296
189 55.5 445.807
190 55.5 437.274
191 55.5 428.671
192 55.5 420.12
193 55.5 411.76
194 55.5 403.708
195 55.5 396.059
196 55.5 388.884
197 55.5 382.223
198 55.5 376.086
199 55.5 370.615
200 55.5 365.95
201 55.5 362.242
202 55.5 359.189
203 55.5 356.55
204 55.5 354.107
205 55.5 351.567
206 55.5 350.04
207 55.5 350.211
208 55.5 352.179
209 55.5 355.723
210 55.5 360.535
211 55.5 366.33
212 55.5 372.88
213 55.5 380.012
214 55.5 387.595
215 55.5 395.537
216 55.5 403.774
217 55.5 412.271
218 55.5 421.011
219 55.5 429.986
220 55.5 439.186
221 55.5 448.593
222 55.5 458.179
223 55.5 467.913
224 55.5 477.772
225 55.5 487.737
226 55.5 497.778
227 55.5 507.794
228 55.5 517.553
229 55.5 528.991
230 55.5 541.041
231 55.5 552.933
232 55.5 564.48
233 55.5 575.747
234 55.5 586.839
235 55.5 597.839
236 55.5 608.8
237 55.5 619.753
238 55.5 630.711
188 56 442.452
189 56 433.472
190 56 424.435
191 56 415.217
192 56 406.046
193 56 397.099
194 56 388.503
195 56 380.359
196 56 372.749
197 56 365.738
198 56 359.383
199 56 353.779
200 56 348.991
201 56 344.998
202 56 341.569
203 56 338.502
204 56 335.684
205 56 332.188
206 56 330.177
207 56 330.514
208 56 333.057
209 56 337.32
210 56 342.842
211 56 349.276
212 56 356.38
213 56 363.981
214 56 371.955
215 56 380.213
216 56 388.702
217 56 397.4
218 56 406.307
219 56 415.434
220 56 424.783
221 56 434.337
222 56 444.058
223 56 453.903
224 56 463.839
225 56 473.867
226 56 484.031
227 56 494.425
228 56 504.08
229 56 515.97
230 56 528.786
231 56 541.064
232 56 552.784
233 56 564.177
234 56 575.409
235 56 586.57
236 56 597.709
237 56 608.849
238 56 619.999
188 56.5 430.079
189 56.5 420.631
190 56.5 411.153
191 56.5 401.321
192 56.5 391.57
193 56.5 382.08
194 56.5 372.971
195 56.5 364.351
196 56.5 356.317
197 56.5 348.96
198 56.5 342.364
199 56.5 336.597
200 56.5 331.652
201 56.5 327.378
202 56.5 323.437
203 56.5 319.466
204 56.5 315.481
205 56.5 311.575
206 56.5 309.453
207 56.5 310.44
208 56.5 313.952
209 56.5 319.155
210 56.5 325.471
211 56.5 332.55
212 56.5 340.179
213 56.5 348.212
214 56.5 356.536
215 56.5 365.068
216 56.5 373.762
217 56.5 382.609
218 56.5 391.634
219 56.5 400.874
220 56.5 410.35
221 56.5 420.041
222 56.5 429.883
223 56.5 439.795
224 56.5 449.708
225 56.5 459.554
226 56.5 469.226
227 56.5 478.964
228 56.5 489.119
229 56.5 502.346
230 56.5 516.464
231 56.5 529.014
232 56.5 540.822
233 56.5 552.348
234 56.5 563.763
235 56.5 575.131
236 56.5 586.484
237 56.5 597.837
238 56.5 609.198
188 57 417.123
189 57 407.132
190 57 397.082
191 57 386.85
192 57 376.668
193 57 366.719
194 57 357.145
195 57 348.066
196 57 339.602
197 57 331.872
198 57 324.989
199 57 319.024
200 57 313.941
201 57 309.501
202 57 305.213
203 57 300.387
204 57 295.417
205 57 290.927
206 57 288.56
207 57 290.683
208 57 295.468
209 57 301.661
210 57 308.689
211 57 316.296
212 57 324.345
213 57 332.728
214 57 341.341
215 57 350.092
216 57 358.934
217 57 367.87
218 57 376.956
219 57 386.27
220 57 395.863
221 57 405.709
222 57 415.7
223 57 425.693
224 57 435.588
225 57 445.33
226 57 454.542
227 57 463.951
228 57 474.843
229 57 488.373
230 57 503.766
231 57 516.258
232 57 528.263
233 57 540.11
234 57 551.852
235 57 563.518
236 57 575.136
237 57 586.732
238 57 598.322
188 57.5 403.742
189 57.5 393.236
190 57.5 382.683
191 57.5 372.058
192 57.5 361.491
193 57.5 351.132
194 57.5 341.121
195 57.5 331.59
196 57.5 322.673
197 57.5 314.516
198 57.5 307.271
199 57.5 301.055
200 57.5 295.852
201 57.5 291.404
202 57.5 287.174
203 57.5 281.87
204 57.5 276.504
205 57.5 271.741
206 57.5 268.873
207 57.5 272.541
208 57.5 278.467
209 57.5 285.298
210 57.5 292.699
211 57.5 300.571
212 57.5 308.858
213 57.5 317.48
214 57.5 326.314
215 57.5 335.232
216 57.5 344.171
217 57.5 353.135
218 57.5 362.216
219 57.5 371.562
220 57.5 381.28
221 57.5 391.345
222 57.5 401.575
223 57.5 411.712
224 57.5 421.598
225 57.5 431.461
226 57.5 440.454
227 57.5 449.811
228 57.5 460.241
229 57.5 472.569
230 57.5 487.707
231 57.5 501.756
232 57.5 514.908
233 57.5 527.507
234 57.5 539.765
235 57.5 551.812
236 57.5 563.731
237 57.5 575.581
238 57.5 587.405
188 58 390.158
189 58 379.186
190 58 368.187
191 58 357.173
192 58 346.231
193 58 335.481
194 58 325.05
195 58 315.065
196 58 305.663
197 58 297.007
198 58 289.298
199 58 282.733
200 58 277.361
201 58 272.832
202 58 268.565
203 58 263.871
204 58 259.29
205 58 255.921
206 58 254.634
207 58 257.816
208 58 263.572
209 58 270.187
210 58 277.433
211 58 285.235
212 58 293.556
213 58 302.312
214 58 311.327
215 58 320.384
216 58 329.391
217 58 338.332
218 58 347.334
219 58 356.665
220 58 366.53
221 58 376.931
222 58 387.584
223 58 398.028
224 58 407.736
225 58 417.085
226 58 426.799
227 58 436.751
228 58 446.844
229 58 457.49
230 58 472.895
231 58 487.883
232 58 501.871
233 58 515.089
234 58 527.798
235 58 540.186
236 58 552.378
237 58 564.461
238 58 576.497
188 58.5 376.584
189 58.5 365.188
190 58.5 353.781
191 58.5 342.386
192 58.5 331.075
193 58.5 319.947
194 58.5 309.111
195 58.5 298.681
196 58.5 288.778
197 58.5 279.561
198 58.5 271.272
199 58.5 264.256
200 58.5 258.773
201 58.5 254.323
202 58.5 250.369
203 58.5 246.505
204 58.5 242.913
205 58.5 241.195
206 58.5 241
207 58.5 243.938
208 58.5 249.486
209 58.5 255.55
210 58.5 262.392
211 58.5 269.913
212 58.5 278.116
213 58.5 286.945
214 58.5 296.16
215 58.5 305.363
216 58.5 314.471
217 58.5 323.378
218 58.5 332.216
219 58.5 341.476
220 58.5 351.512
221 58.5 362.394
222 58.5 373.736
223 58.5 385.097
224 58.5 396.014
225 58.5 403.846
226 58.5 414.531
227 58.5 425.898
228 58.5 437.305
229 58.5 448.513
230 58.5 462.116
231 58.5 476.245
232 58.5 490.044
233 58.5 503.351
234 58.5 516.237
235 58.5 528.817
236 58.5 541.195
237 58.5 553.451
238 58.5 565.653
188 59 363.212
189 59 351.42
190 59 339.626
191 59 327.861
192 59 316.189
193 59 304.699
194 59 293.488
195 59 282.653
196 59 272.286
197 59 262.499
198 59 253.522
199 59 245.891
200 59 240.419
201 59 236.142
202 59 232.592
203 59 229.376
204 59 226.621
205 59 225.265
206 59 225.947
207 59 228.717
208 59 234.009
209 59 240.287
210 59 246.971
211 59 254.151
212 59 262.118
213 59 270.98
214 59 280.485
215 59 289.867
216 59 299.225
217 59 308.19
218 59 316.774
219 59 325.939
220 59 336.16
221 59 347.595
222 59 359.427
223 59 370.919
224 59 381.838
225 59 391.742
226 59 403.432
227 59 416.212
228 59 429.291
229 59 440.677
230 59 453.034
231 59 466.091
232 59 479.291
233 59 492.347
234 59 505.176
235 59 517.797
236 59 530.259
237 59 542.619
238 59 554.929
188 59.5 350.204
189 59.5 338.033
190 59.5 325.866
191 59.5 313.737
192 59.5 301.712
193 59.5 289.877
194 59.5 278.332
195 59.5 267.169
196 59.5 256.457
197 59.5 246.232
198 59.5 236.583
199 59.5 228.09
200 59.5 222.725
201 59.5 218.427
202 59.5 215.214
203 59.5 212.41
204 59.5 209.781
205 59.5 208.233
206 59.5 209.008
207 59.5 211.776
208 59.5 217.684
209 59.5 224.686
210 59.5 231.079
211 59.5 237.669
212 59.5 245.177
213 59.5 253.911
214 59.5 263.777
215 59.5 273.368
216 59.5 283.35
217 59.5 292.676
218 59.5 300.936
219 59.5 310.197
220 59.5 320.748
221 59.5 332.993
222 59.5 345.233
223 59.5 356.528
224 59.5 367.453
225 59.5 378.89
226 59.5 391.818
227 59.5 405.535
228 59.5 419.128
229 59.5 431.61
230 59.5 443.829
231 59.5 456.366
232 59.5 469.107
233 59.5 481.872
234 59.5 494.557
235 59.5 507.132
236 59.5 519.607
237 59.5 532.01
238 59.5 544.378
188 60 337.694
189 60 325.155
190 60 312.622
191 60 300.133
192 60 287.753
193 60 275.578
194 60 263.722
195 60 252.306
196 60 241.426
197 60 231.095
198 60 221.229
199 60 212.407
200 60 206.197
201 60 200.994
202 60 197.88
203 60 195.677
204 60 192.988
205 60 191.242
206 60 191.581
207 60 193.301
208 60 200.813
209 60 209.659
210 60 214.647
211 60 220.314
212 60 227.148
213 60 235.279
214 60 244.721
215 60 255.128
216 60 266.3
217 60 276.551
218 60 284.579
219 60 294.804
220 60 306.3
221 60 319.642
222 60 331.732
223 60 342.492
224 60 352.946
225 60 365.36
226 60 379.524
227 60 394.269
228 60 408.371
229 60 421.5
230 60 434.073
231 60 446.576
232 60 459.134
233 60 471.72
234 60 484.282
235 60 496.792
236 60 509.246
237 60 521.656
238 60 534.044
188 60.5 325.792
189 60.5 312.894
190 60.5 299.999
191 60.5 287.145
192 60.5 274.399
193 60.5 261.861
194 60.5 249.665
195 60.5 237.972
196 60.5 226.957
197 60.5 216.693
198 60.5 206.69
199 60.5 196.834
200 60.5 189.136
201 60.5 183.058
202 60.5 180.288
203 60.5 178.871
204 60.5 176.132
205 60.5 174.475
206 60.5 174.615
207 60.5 176.88
208 60.5 183.089
209 60.5 190.59
210 60.5 196.13
211 60.5 202.109
212 60.5 208.806
213 60.5 216.567
214 60.5 225.598
215 60.5 236.206
216 60.5 246.883
217 60.5 258.001
218 60.5 267.806
219 60.5 280.707
220 60.5 296.602
221 60.5 309.53
222 60.5 320.198
223 60.5 329.35
224 60.5 338.476
225 60.5 351.786
226 60.5 367.266
227 60.5 383.08
228 60.5 397.63
229 60.5 411.155
230 60.5 424.059
231 60.5 436.704
232 60.5 449.265
233 60.5 461.794
234 60.5 474.293
235 60.5 486.756
236 60.5 499.184
237 60.5 511.584
238 60.5 523.97
188 61 314.58
189 61 301.333
190 61 288.084
191 61 274.863
192 61 261.735
193 61 248.796
194 61 236.177
195 61 224.049
196 61 212.631
197 61 202.152
198 61 192.781
199 61 182.417
200 61 173.134
201 61 165.65
202 61 162.486
203 61 160.86
204 61 158.837
205 61 157.526
206 61 157.748
207 61 160.11
208 61 165.498
209 61 172.589
210 61 179.471
211 61 184.836
212 61 191.648
213 61 200.054
214 61 209.796
215 61 221.29
216 61 232.427
217 61 243.89
218 61 255.914
219 61 270.584
220 61 289.813
221 61 301.142
222 61 310.407
223 61 318.297
224 61 325.113
225 61 339.449
226 61 355.885
227 61 372.537
228 61 387.142
229 61 400.862
230 61 414.031
231 61 426.874
232 61 439.537
233 61 452.097
234 61 464.59
235 61 477.034
236 61 489.442
237 61 501.826
238 61 514.2
188 61.5 304.112
189 61.5 290.535
190 61.5 276.947
191 61.5 263.371
192 61.5 249.865
193 61.5 236.511
194 61.5 223.419
195 61.5 210.732
196 61.5 198.627
197 61.5 187.226
198 61.5 177.677
199 61.5 167.96
200 61.5 158.415
201 61.5 150.735
202 61.5 145.763
203 61.5 143.38
204 61.5 141.413
205 61.5 140.323
206 61.5 140.599
207 61.5 143.188
208 61.5 148.724
209 61.5 155.397
210 61.5 161.384
211 61.5 167.846
212 61.5 175.792
213 61.5 185.404
214 61.5 196.649
215 61.5 208.971
216 61.5 220.829
217 61.5 233.376
218 61.5 246.08
219 61.5 260.993
220 61.5 277.664
221 61.5 290.232
222 61.5 300.736
223 61.5 310.461
224 61.5 317.935
225 61.5 330.43
226 61.5 345.73
227 61.5 361.684
228 61.5 376.604
229 61.5 390.685
230 61.5 404.17
231 61.5 417.249
232 61.5 430.061
233 61.5 442.698
234 61.5 455.22
235 61.5 467.665
236 61.5 480.059
237 61.5 492.425
238 61.5 504.778
188 62 294.411
189 62 280.535
190 62 266.638
191 62 252.739
192 62 238.887
193 62 225.159
194 62 211.655
195 62 198.516
196 62 186.034
197 62 174.151
198 62 163.486
199 62 153.294
200 62 143.63
201 62 135.305
202 62 128.82
203 62 125.353
204 62 123.388
205 62 122.809
206 62 123.408
207 62 126.843
208 62 134.343
209 62 142.609
210 62 147.747
211 62 154.692
212 62 162.679
213 62 172.425
214 62 184.374
215 62 196.681
216 62 209.483
217 62 222.475
218 62 235.69
219 62 250.317
220 62 265.284
221 62 278.102
222 62 289.042
223 62 298.931
224 62 309.022
225 62 321.725
226 62 336.415
227 62 351.776
228 62 366.719
229 62 381.025
230 62 394.757
231 62 408.04
232 62 420.992
233 62 433.709
234 62 446.265
235 62 458.713
236 62 471.092
237 62 483.432
238 62 495.756
188 62.5 285.46
189 62.5 271.331
190 62.5 257.173
191 62.5 243
192 62.5 228.86
193 62.5 214.828
194 62.5 201.012
195 62.5 187.563
196 62.5 174.652
197 62.5 162.042
198 62.5 150.333
199 62.5 139.421
200 62.5 129.464
201 62.5 120.769
202 62.5 113.654
203 62.5 108.444
204 62.5 105.405
205 62.5 104.521
206 62.5 106.023
207 62.5 111.859
208 62.5 123.551
209 62.5 138.771
211 62.5 150.718
212 62.5 153.918
213 62.5 160.897
214 62.5 172.259
215 62.5 185.018
216 62.5 198.905
217 62.5 212.141
218 62.5 225.352
219 62.5 239.578
220 62.5 253.597
221 62.5 266.422
222 62.5 277.68
223 62.5 287.57
224 62.5 299.766
225 62.5 313.309
226 62.5 327.929
227 62.5 342.983
228 62.5 357.831
229 62.5 372.201
230 62.5 386.055
231 62.5 399.453
232 62.5 412.49
233 62.5 425.253
234 62.5 437.822
235 62.5 450.257
236 62.5 462.607
237 62.5 474.909
238 62.5 487.19
188 63 277.194
189 63 262.875
190 63 248.525
191 63 234.153
192 63 219.794
193 63 205.509
194 63 191.384
195 63 177.52
196 63 163.987
197 63 150.751
198 63 138.164
199 63 126.46
200 63 116.001
201 63 106.654
202 63 98.2439
203 63 91.7226
204 63 87.6855
205 63 86.5062
206 63 88.5864
207 63 95.3531
208 63 111.874
212 63 145.87
213 63 149.664
214 63 161.716
215 63 175.679
216 63 189.965
217 63 202.79
218 63 217.129
219 63 229.485
220 63 242.759
221 63 256.071
222 63 268.658
223 63 279.789
224 63 292.307
225 63 306.026
226 63 320.555
227 63 335.394
228 63 350.092
229 63 364.401
230 63 378.247
231 63 391.654
232 63 404.693
233 63 417.445
234 63 429.985
235 63 442.378
236 63 454.676
237 63 466.918
238 63 479.138
188 63.5 269.477
189 63.5 255.062
190 63.5 240.63
191 63.5 226.173
192 63.5 211.697
193 63.5 197.239
194 63.5 182.861
195 63.5 168.626
196 63.5 154.564
197 63.5 140.701
198 63.5 127.286
199 63.5 114.644
200 63.5 103.471
201 63.5 93.2355
202 63.5 83.1168
203 63.5 75.2577
204 63.5 70.3366
205 63.5 68.7647
206 63.5 70.4361
207 63.5 74.0878
209 63.5 112.338
212 63.5 126.012
213 63.5 137.779
214 63.5 152.49
215 63.5 166.995
216 63.5 181.057
217 63.5 191.546
218 63.5 203.439
219 63.5 217.156
220 63.5 231.765
221 63.5 246.284
222 63.5 260.057
223 63.5 272.728
224 63.5 285.859
225 63.5 299.809
226 63.5 314.337
227 63.5 329.035
228 63.5 343.56
229 63.5 357.717
230 63.5 371.441
231 63.5 384.751
232 63.5 397.706
233 63.5 410.379
234 63.5 422.84
235 63.5 435.152
236 63.5 447.367
237 63.5 459.527
238 63.5 471.664
188 64 262.047
189 64 247.708
190 64 233.393
191 64 219.034
192 64 204.598
193 64 190.097
194 64 175.585
195 64 161.122
196 64 146.711
197 64 132.337
198 64 118.262
199 64 104.836
200 64 92.1939
201 64 80.0193
202 64 68.3835
203 64 59.0576
204 64 53.8576
205 64 52.0523
206 64 53.39
207 64 57.7448
208 64 67.5866
210 64 100.09
211 64 104.264
212 64 115.088
213 64 129.415
214 64 144.826
215 64 157.424
216 64 168.419
217 64 178.783
218 64 189.748
219 64 205.8
220 64 222.2
221 64 237.995
222 64 252.895
223 64 266.569
224 64 280.308
225 64 294.633
226 64 309.297
227 64 323.92
228 64 338.251
229 64 352.178
230 64 365.684
231 64 378.803
232 64 391.593
233 64 404.121
234 64 416.452
235 64 428.645
236 64 440.748
237 64 452.8
238 64 464.832
188 64.5 254.326
189 64.5 240.569
190 64.5 226.728
191 64.5 212.736
192 64.5 198.55
193 64.5 184.175
194 64.5 169.684
195 64.5 155.18
196 64.5 140.656
197 64.5 125.923
198 64.5 111.32
199 64.5 97.2586
200 64.5 83.3759
201 64.5 69.4739
202 64.5 56.2596
203 64.5 45.3314
204 64.5 40.1577
205 64.5 38.4503
206 64.5 39.8325
207 64.5 44.4519
208 64.5 53.2356
209 64.5 66.0643
210 64.5 81.5647
211 64.5 93.8201
212 64.5 108.036
213 64.5 122.781
214 64.5 137.044
215 64.5 149.092
216 64.5 158.438
217 64.5 170.824
218 64.5 183.949
219 64.5 199.711
220 64.5 216.107
221 64.5 232.092
222 64.5 247.227
223 64.5 261.635
224 64.5 275.846
225 64.5 290.65
226 64.5 305.539
227 64.5 320.084
228 64.5 334.157
229 64.5 347.77
230 64.5 360.973
231 64.5 373.823
232 64.5 386.384
233 64.5 398.714
234 64.5 410.873
235 64.5 422.913
236 64.5 434.877
237 64.5 446.8
238 64.5 458.708
188 65 246.713
189 65 233.784
190 65 220.697
191 65 207.343
192 65 193.649
193 65 179.598
194 65 165.271
195 65 150.887
196 65 136.536
197 65 121.659
198 65 106.879
199 65 92.4619
200 65 77.8667
201 65 62.9132
202 65 49.0648
203 65 37.9541
204 65 31.895
205 65 29.8189
206 65 31.1756
207 65 35.9404
208 65 44.3001
209 65 57.1465
210 65 72.2501
211 65 87.0237
212 65 101.745
213 65 116.979
214 65 131.43
215 65 144.252
216 65 155.773
217 65 168.85
218 65 182.636
219 65 197.734
220 65 213.445
221 65 229.111
222 65 244.265
223 65 258.749
224 65 272.946
225 65 288.178
226 65 303.22
227 65 317.537
228 65 331.22
229 65 344.425
230 65 357.258
231 65 369.791
232 65 382.081
233 65 394.182
234 65 406.141
235 65 418.005
236 65 429.812
237 65 441.591
238 65 453.361
188 65.5 239.28
189 65.5 227.418
190 65.5 215.353
191 65.5 202.928
192 65.5 190.019
193 65.5 176.551
194 65.5 162.548
195 65.5 148.311
196 65.5 134.087
197 65.5 119.414
198 65.5 104.702
199 65.5 90.3377
200 65.5 75.3141
201 65.5 60.2246
202 65.5 46.297
203 65.5 35.1374
204 65.5 28.9254
205 65.5 26.7023
206 65.5 28.1489
207 65.5 33.4826
208 65.5 42.3537
209 65.5 54.7232
210 65.5 69.2626
211 65.5 84.1327
212 65.5 99.0301
213 65.5 114.222
214 65.5 129.04
215 65.5 142.925
216 65.5 156.205
217 65.5 170.187
218 65.5 184.041
219 65.5 198.367
220 65.5 213.229
221 65.5 228.448
222 65.5 243.587
223 65.5 258.132
224 65.5 272.521
225 65.5 287.493
226 65.5 302.34
227 65.5 316.121
228 65.5 329.261
229 65.5 342.003
230 65.5 354.451
231 65.5 366.661
232 65.5 378.675
233 65.5 390.536
234 65.5 402.286
235 65.5 413.965
236 65.5 425.606
237 65.5 437.235
238 65.5 448.863
188 66 231.961
189 66 221.428
190 66 210.672
191 66 199.501
192 66 187.749
193 66 175.29
194 66 162.097
195 66 148.325
196 66 134.158
197 66 119.612
198 66 105.04
199 66 90.663
200 66 76.2892
201 66 61.846
202 66 48.4193
203 66 37.2785
204 66 31.6082
205 66 29.3307
206 66 30.6551
207 66 36.6221
208 66 45.7841
209 66 57.537
210 66 71.3636
211 66 85.449
212 66 99.7704
213 66 114.569
214 66 129.546
215 66 144.012
216 66 157.965
217 66 172.32
218 66 186.731
219 66 200.186
220 66 214.206
221 66 229
222 66 244.195
223 66 258.626
224 66 272.844
225 66 287.496
226 66 302.198
227 66 315.303
228 66 327.95
229 66 340.319
230 66 352.454
231 66 364.389
232 66 376.156
233 66 387.794
234 66 399.342
235 66 410.839
236 66 422.318
237 66 433.8
238 66 445.292
188 66.5 224.609
189 66.5 215.674
190 66.5 206.522
191 66.5 196.94
192 66.5 186.721
193 66.5 175.667
194 66.5 163.633
195 66.5 150.602
196 66.5 136.733
197 66.5 122.419
198 66.5 108.237
199 66.5 94.351
200 66.5 81.319
201 66.5 68.2418
202 66.5 56.3468
203 66.5 46.6582
204 66.5 40.8671
205 66.5 38.0078
207 66.5 45.1615
208 66.5 54.1077
209 66.5 64.8588
210 66.5 77.2432
211 66.5 90.4472
212 66.5 103.974
213 66.5 117.688
214 66.5 132.28
215 66.5 146.64
216 66.5 160.303
217 66.5 174.452
218 66.5 188.558
219 66.5 201.79
220 66.5 215.304
221 66.5 229.646
222 66.5 244.446
223 66.5 259.156
224 66.5 273.022
225 66.5 287.108
226 66.5 301.106
227 66.5 314.348
228 66.5 327.01
229 66.5 339.266
230 66.5 351.228
231 66.5 362.967
232 66.5 374.536
233 66.5 385.982
234 66.5 397.349
235 66.5 408.68
236 66.5 420.01
237 66.5 431.361
238 66.5 442.732
188 67 217.025
189 67 209.943
190 67 202.671
191 67 194.998
192 67 186.684
193 67 177.447
194 67 166.984
195 67 155.058
196 67 141.738
197 67 127.828
198 67 114.541
199 67 101.822
200 67 89.7168
201 67 78.2747
202 67 68.2731
203 67 60.1232
204 67 55.0694
205 67 52.3486
206 67 53.321
207 67 58.9739
208 67 66.5101
209 67 75.6522
210 67 86.6167
211 67 98.5822
212 67 111.13
213 67 123.347
214 67 136.174
215 67 149.574
216 67 162.968
217 67 177.023
218 67 190.942
219 67 203.719
220 67 216.764
221 67 230.896
222 67 245.254
223 67 259.69
224 67 273.319
225 67 287.144
226 67 300.72
227 67 314.089
228 67 326.796
229 67 338.995
230 67 350.843
231 67 362.441
232 67 373.859
233 67 385.149
234 67 396.363
235 67 407.55
236 67 418.755
237 67 430
238 67 441.279
188 67.5 208.99
189 67.5 203.972
190 67.5 198.813
191 67.5 193.323
192 67.5 187.253
193 67.5 180.265
194 67.5 171.898
195 67.5 161.598
196 67.5 149.073
197 67.5 135.587
198 67.5 123.463
199 67.5 112.002
200 67.5 100.884
201 67.5 90.8258
202 67.5 82.2763
203 67.5 75.6335
204 67.5 71.3611
205 67.5 69.271
206 67.5 70.1674
207 67.5 74.3945
208 67.5 80.5848
209 67.5 88.2638
210 67.5 97.5856
211 67.5 108.599
212 67.5 120.367
213 67.5 130.784
214 67.5 141.623
215 67.5 154.295
216 67.5 167.24
217 67.5 180.761
218 67.5 194.021
219 67.5 206.576
220 67.5 219.33
221 67.5 234.023
222 67.5 248.746
223 67.5 262.366
224 67.5 275.002
225 67.5 288.823
226 67.5 302.433
227 67.5 315.28
228 67.5 327.669
229 67.5 339.68
230 67.5 351.393
231 67.5 362.876
232 67.5 374.181
233 67.5 385.356
234 67.5 396.451
235 67.5 407.524
236 67.5 418.634
237 67.5 429.814
238 67.5 441.046
188 68 200.297
189 68 197.49
190 68 194.597
191 68 191.47
192 68 187.888
193 68 183.515
194 68 177.823
195 68 169.934
196 68 158.683
197 68 146.214
198 68 134.773
199 68 123.863
200 68 114.122
201 68 105.522
202 68 98.3097
203 68 93.0059
204 68 89.6665
205 68 87.9412
206 68 88.4797
207 68 91.6571
208 68 96.793
209 68 102.816
210 68 110.249
211 68 119.912
212 68 129.96
213 68 140.068
214 68 150.707
215 68 161.866
216 68 173.933
217 68 186.664
218 68 199.334
219 68 211.677
220 68 224.244
221 68 239.516
222 68 254.891
223 68 267.877
224 68 279.896
225 68 292.474
226 68 305.152
227 68 317.486
228 68 329.531
229 68 341.329
230 68 352.916
231 68 364.319
232 68 375.563
233 68 386.674
234 68 397.694
235 68 408.688
236 68 419.741
237 68 430.913
238 68 442.162
188 68.5 190.785
189 68.5 190.256
190 68.5 189.689
191 68.5 188.973
192 68.5 187.923
193 68.5 186.258
194 68.5 183.534
195 68.5 178.85
196 68.5 169.223
197 68.5 158.21
198 68.5 148.313
199 68.5 137.942
200 68.5 129.628
201 68.5 122.421
202 68.5 116.368
203 68.5 112.236
204 68.5 109.752
205 68.5 108.018
206 68.5 107.983
207 68.5 110.271
208 68.5 114.445
209 68.5 119.641
210 68.5 125.993
211 68.5 134.19
212 68.5 142.517
213 68.5 151.031
214 68.5 160.31
215 68.5 170.773
216 68.5 182.331
217 68.5 194.683
218 68.5 207.208
219 68.5 219.299
220 68.5 230.661
221 68.5 246.549
222 68.5 262.621
223 68.5 274.463
224 68.5 285.575
225 68.5 297.044
226 68.5 308.796
227 68.5 320.565
228 68.5 332.272
229 68.5 343.888
230 68.5 355.399
231 68.5 366.791
232 68.5 378.05
233 68.5 389.174
234 68.5 400.184
235 68.5 411.145
236 68.5 422.184
237 68.5 433.431
238 68.5 444.783
188 69 180.365
189 69 182.119
190 69 183.857
191 69 185.478
192 69 186.797
193 69 187.507
194 69 187.098
195 69 184.7
196 69 179.07
197 69 171.973
198 69 164.543
199 69 155.322
200 69 147.55
201 69 141.53
202 69 136.89
203 69 133.549
204 69 130.974
205 69 129.122
206 69 128.703
207 69 130.275
208 69 133.981
209 69 138.82
210 69 144.72
211 69 151.341
212 69 157.45
213 69 163.728
214 69 171.181
215 69 181.029
216 69 192.125
217 69 204.246
218 69 216.948
219 69 229.754
220 69 240.709
221 69 254.176
222 69 268.058
223 69 279.824
224 69 290.752
225 69 301.709
226 69 312.901
227 69 324.269
228 69 335.743
229 69 347.269
230 69 358.799
231 69 370.285
232 69 381.676
233 69 392.93
234 69 404.031
235 69 415.027
236 69 426.088
237 69 437.527
238 69 449.078
188 69.5 169.039
189 69.5 173.046
190 69.5 177.035
191 69.5 180.902
192 69.5 184.451
193 69.5 187.367
194 69.5 189.196
195 69.5 189.364
196 69.5 187.484
197 69.5 184.384
198 69.5 180.417
199 69.5 172.13
200 69.5 165.688
201 69.5 161.216
202 69.5 158.125
203 69.5 155.737
204 69.5 152.921
205 69.5 150.592
206 69.5 150.101
207 69.5 151.49
208 69.5 154.886
209 69.5 159.559
210 69.5 164.728
211 69.5 170.272
212 69.5 173.947
213 69.5 178.013
214 69.5 183.495
215 69.5 192.931
216 69.5 203.113
217 69.5 214.419
218 69.5 226.268
219 69.5 238.137
220 69.5 249.245
221 69.5 261.222
222 69.5 273.422
223 69.5 284.756
224 69.5 295.549
225 69.5 306.292
226 69.5 317.227
227 69.5 328.404
228 69.5 339.8
229 69.5 351.367
230 69.5 363.045
231 69.5 374.762
232 69.5 386.438
233 69.5 397.99
234 69.5 409.355
235 69.5 420.526
236 69.5 431.65
237 69.5 443.409
238 69.5 455.205
188 70 156.893
189 70 163.119
190 70 169.311
191 70 175.358
192 70 181.06
193 70 186.121
194 70 190.158
195 70 192.767
196 70 193.705
197 70 193.082
198 70 190.632
199 70 185.416
200 70 182.154
201 70 180.003
202 70 178.719
203 70 177.725
204 70 174.847
205 70 172.444
206 70 171.606
207 70 172.612
208 70 175.662
209 70 179.943
210 70 183.655
211 70 187.395
212 70 190.38
213 70 193.879
214 70 199.091
215 70 207.163
216 70 215.588
217 70 225.203
218 70 235.598
219 70 246.271
220 70 256.848
221 70 267.777
222 70 278.851
223 70 289.648
224 70 300.237
225 70 310.863
226 70 321.713
227 70 332.866
228 70 344.331
229 70 356.075
230 70 368.038
231 70 380.138
232 70 392.274
233 70 404.333
234 70 416.217
235 70 427.888
236 70 439.47
237 70 451.303
238 70 463.185
188 70.5 144.082
189 70.5 152.5
190 70.5 160.865
191 70.5 169.06
192 70.5 176.889
193 70.5 184.079
194 70.5 190.301
195 70.5 195.228
196 70.5 198.622
197 70.5 200.38
198 70.5 200.39
199 70.5 198.857
200 70.5 197.924
201 70.5 197.54
202 70.5 197.403
203 70.5 196.91
204 70.5 195.128
205 70.5 193.3
206 70.5 192.404
207 70.5 192.876
208 70.5 195.241
209 70.5 198.39
210 70.5 201.27
211 70.5 203.996
212 70.5 206.551
213 70.5 209.694
214 70.5 214.245
215 70.5 220.608
216 70.5 227.795
217 70.5 235.973
218 70.5 244.949
219 70.5 254.407
220 70.5 264.118
221 70.5 274.137
222 70.5 284.365
223 70.5 294.643
224 70.5 304.985
225 70.5 315.517
226 70.5 326.365
227 70.5 337.601
228 70.5 349.247
229 70.5 361.283
230 70.5 373.654
231 70.5 386.275
232 70.5 399.032
233 70.5 411.783
234 70.5 424.376
235 70.5 436.688
236 70.5 448.728
237 70.5 460.703
238 70.5 472.655
188 71 130.795
189 71 141.392
190 71 151.918
191 71 162.254
192 71 172.212
193 71 181.542
194 71 189.955
195 71 197.166
196 71 202.953
197 71 207.197
198 71 209.916
199 71 211.464
200 71 212.784
201 71 214.023
202 71 214.975
203 71 215.231
204 71 214.437
205 71 213.303
206 71 212.65
207 71 212.906
208 71 214.335
209 71 216.356
210 71 218.382
211 71 220.361
212 71 222.433
213 71 225.08
214 71 228.802
215 71 233.8
216 71 239.754
217 71 246.628
218 71 254.302
219 71 262.59
220 71 271.339
221 71 280.499
222 71 290.007
223 71 299.794
224 71 309.871
225 71 320.308
226 71 331.186
227 71 342.564
228 71 354.464
229 71 366.872
230 71 379.742
231 71 392.99
232 71 406.495
233 71 420.085
234 71 433.534
235 71 446.572
236 71 459.013
237 71 471.125
238 71 483.129
188 71.5 117.223
189 71.5 129.996
190 71.5 142.683
191 71.5 155.166
192 71.5 167.268
193 71.5 178.761
194 71.5 189.387
195 71.5 198.893
196 71.5 207.078
197 71.5 213.834
198 71.5 219.198
199 71.5 223.416
200 71.5 226.905
201 71.5 229.785
202 71.5 231.947
203 71.5 233.168
204 71.5 233.248
205 71.5 232.778
206 71.5 232.368
207 71.5 232.415
208 71.5 233.091
209 71.5 234.166
210 71.5 235.36
211 71.5 236.627
212 71.5 238.109
213 71.5 240.117
214 71.5 242.963
215 71.5 246.799
216 71.5 251.559
217 71.5 257.206
218 71.5 263.667
219 71.5 270.837
220 71.5 278.617
221 71.5 286.95
222 71.5 295.788
223 71.5 305.103
224 71.5 314.906
225 71.5 325.238
226 71.5 336.155
227 71.5 347.698
228 71.5 359.888
229 71.5 372.715
230 71.5 386.137
231 71.5 400.077
232 71.5 414.412
233 71.5 428.95
234 71.5 443.393
235 71.5 457.271
236 71.5 469.986
237 71.5 482.14
238 71.5 494.137
188 72 103.521
189 72 118.472
190 72 133.322
191 72 147.96
192 72 162.22
193 72 175.896
194 72 188.756
195 72 200.572
196 72 211.16
197 72 220.415
198 72 228.334
199 72 235.023
200 72 240.619
201 72 245.162
202 72 248.589
203 72 250.793
204 72 251.761
205 72 251.916
206 72 251.738
207 72 251.59
208 72 251.656
209 72 251.924
210 72 252.324
211 72 252.871
212 72 253.687
213 72 254.972
214 72 256.928
215 72 259.685
216 72 263.289
217 72 267.75
218 72 273.046
219 72 279.132
220 72 285.956
221 72 293.477
222 72 301.666
223 72 310.515
224 72 320.035
225 72 330.255
226 72 341.208
227 72 352.923
228 72 365.415
229 72 378.677
230 72 392.671
231 72 407.328
232 72 422.526
233 72 438.07
234 72 453.623
235 72 468.542
236 72 481.306
237 72 493.382
238 72 505.312
